<?xml version="1.0" encoding="UTF-8"?>
<testng-results skipped="0" failed="0" total="1" passed="1">
  <reporter-output>
  </reporter-output>
  <suite name="Default suite" duration-ms="11135" started-at="2017-03-01T05:21:27Z" finished-at="2017-03-01T05:21:39Z">
    <groups>
    </groups>
    <test name="Default test" duration-ms="11135" started-at="2017-03-01T05:21:27Z" finished-at="2017-03-01T05:21:39Z">
      <class name="TestNg.Q2">
        <test-method status="PASS" signature="beforeTest()[pri:0, instance:TestNg.Q2@215be6bb]" name="beforeTest" is-config="true" duration-ms="4394" started-at="2017-03-01T10:51:28Z" finished-at="2017-03-01T10:51:32Z">
          <reporter-output>
          </reporter-output>
        </test-method> <!-- beforeTest -->
        <test-method status="PASS" signature="f()[pri:0, instance:TestNg.Q2@215be6bb]" name="f" duration-ms="6707" started-at="2017-03-01T10:51:32Z" finished-at="2017-03-01T10:51:39Z">
          <reporter-output>
          </reporter-output>
        </test-method> <!-- f -->
        <test-method status="PASS" signature="afterTest()[pri:0, instance:TestNg.Q2@215be6bb]" name="afterTest" is-config="true" duration-ms="0" started-at="2017-03-01T10:51:39Z" finished-at="2017-03-01T10:51:39Z">
          <reporter-output>
          </reporter-output>
        </test-method> <!-- afterTest -->
      </class> <!-- TestNg.Q2 -->
    </test> <!-- Default test -->
  </suite> <!-- Default suite -->
</testng-results>
