<?xml version="1.0" encoding="UTF-8"?>
<!-- Generated by org.testng.reporters.JUnitXMLReporter -->
<testsuite hostname="LAPTOP-A006EMOC" ignored="0" name="Test" tests="2" failures="0" timestamp="16 Nov 2018 15:26:55 GMT" time="51.446" errors="0">
  <testcase name="@BeforeTest beforeTest" time="0.0" classname="TetstNg.BookAdda">
    <failure type="org.openqa.selenium.WebDriverException" message="Failed to connect to binary FirefoxBinary(C:\Program Files\Mozilla Firefox\firefox.exe) on port 7055; process output follows: 
\Program Files\Mozilla Firefox\browser\features\aushelper@mozilla.org.xpi
1542381971102	addons.xpi	DEBUG	Calling bootstrap method startup on aushelper@mozilla.org version 2.0
1542381971105	addons.xpi	DEBUG	Registering manifest for C:\Program Files\Mozilla Firefox\browser\features\firefox@getpocket.com.xpi
1542381971107	addons.xpi	DEBUG	Calling bootstrap method startup on firefox@getpocket.com version 1.0.5
1542381971126	addons.xpi	DEBUG	Calling bootstrap method startup on formautofill@mozilla.org version 1.0
1542381971129	addons.xpi	DEBUG	Registering manifest for C:\Program Files\Mozilla Firefox\browser\features\onboarding@mozilla.org.xpi
1542381971131	addons.xpi	DEBUG	Calling bootstrap method startup on onboarding@mozilla.org version 1.0
1542381971133	addons.xpi	DEBUG	Registering manifest for C:\Program Files\Mozilla Firefox\browser\features\screenshots@mozilla.org.xpi
1542381971134	addons.xpi	DEBUG	Calling bootstrap method startup on screenshots@mozilla.org version 33.0.0
1542381971135	addons.xpi	DEBUG	Registering manifest for C:\Program Files\Mozilla Firefox\browser\features\webcompat-reporter@mozilla.org.xpi
1542381971136	addons.xpi	DEBUG	Calling bootstrap method startup on webcompat-reporter@mozilla.org version 1.0.0
1542381971137	addons.xpi	DEBUG	Registering manifest for C:\Program Files\Mozilla Firefox\browser\features\webcompat@mozilla.org.xpi
1542381971141	addons.xpi	DEBUG	Calling bootstrap method startup on webcompat@mozilla.org version 2.0.1
1542381971146	addons.manager	DEBUG	Registering shutdown blocker for XPIProvider
1542381971147	addons.manager	DEBUG	Provider finished startup: XPIProvider
1542381971147	addons.manager	DEBUG	Starting provider: LightweightThemeManager
1542381971147	addons.manager	DEBUG	Registering shutdown blocker for LightweightThemeManager
1542381971148	addons.manager	DEBUG	Provider finished startup: LightweightThemeManager
1542381971150	addons.manager	DEBUG	Starting provider: GMPProvider
1542381971155	addons.manager	DEBUG	Registering shutdown blocker for GMPProvider
1542381971156	addons.manager	DEBUG	Provider finished startup: GMPProvider
1542381971156	addons.manager	DEBUG	Starting provider: PluginProvider
1542381971156	addons.manager	DEBUG	Registering shutdown blocker for PluginProvider
1542381971157	addons.manager	DEBUG	Provider finished startup: PluginProvider
1542381971169	addons.manager	DEBUG	Completed startup sequence
1542381973410	addons.repository	DEBUG	No addons.json found.
1542381975618	addons.manager	DEBUG	Registering upgrade listener for formautofill@mozilla.org
1542381975910	addons.xpi	DEBUG	Ignoring file: name is not a valid add-on ID: C:\Users\kunal\AppData\Local\Temp\anonymous1165599964683059565webdriver-profile\extensions\webdriver-staging
1542381975912	addons.xpi	DEBUG	Existing add-on aushelper@mozilla.org in app-system-defaults
1542381975913	addons.xpi	DEBUG	Existing add-on firefox@getpocket.com in app-system-defaults
1542381975913	addons.xpi	DEBUG	Existing add-on formautofill@mozilla.org in app-system-defaults
1542381975914	addons.xpi	DEBUG	Existing add-on onboarding@mozilla.org in app-system-defaults
1542381975914	addons.xpi	DEBUG	Existing add-on screenshots@mozilla.org in app-system-defaults
1542381975915	addons.xpi	DEBUG	Existing add-on webcompat-reporter@mozilla.org in app-system-defaults
1542381975915	addons.xpi	DEBUG	Existing add-on webcompat@mozilla.org in app-system-defaults
1542381975917	addons.xpi	DEBUG	scanForChanges changed: false, state: {}
JavaScript error: resource://gre/modules/addons/XPIProvider.jsm, line 2600: TypeError: addon is null
1542381995687	addons.productaddons	INFO	sending request to: https://aus5.mozilla.org/update/3/GMP/63.0/20181018182531/WINNT_x86_64-msvc-x64/en-US/release/Windows_NT%2010.0.0.0.17134.345%20(x64)/default/default/update.xml
1542381997585	addons.productaddons	INFO	Completed downloading document
1542382000487	addons.productaddons	INFO	downloadXHR File download. status=200
1542382000492	addons.productaddons	INFO	Downloaded file will be saved to C:\Users\kunal\AppData\Local\Temp\tmpaddon

Build info: version: &amp;apos;2.53.1&amp;apos;, revision: &amp;apos;a36b8b1&amp;apos;, time: &amp;apos;2016-06-30 17:37:03&amp;apos;
System info: host: &amp;apos;LAPTOP-A006EMOC&amp;apos;, ip: &amp;apos;192.168.1.152&amp;apos;, os.name: &amp;apos;Windows 10&amp;apos;, os.arch: &amp;apos;amd64&amp;apos;, os.version: &amp;apos;10.0&amp;apos;, java.version: &amp;apos;1.8.0_121&amp;apos;
Driver info: driver.version: FirefoxDriver">
      <![CDATA[org.openqa.selenium.WebDriverException: Failed to connect to binary FirefoxBinary(C:\Program Files\Mozilla Firefox\firefox.exe) on port 7055; process output follows: 
\Program Files\Mozilla Firefox\browser\features\aushelper@mozilla.org.xpi
1542381971102	addons.xpi	DEBUG	Calling bootstrap method startup on aushelper@mozilla.org version 2.0
1542381971105	addons.xpi	DEBUG	Registering manifest for C:\Program Files\Mozilla Firefox\browser\features\firefox@getpocket.com.xpi
1542381971107	addons.xpi	DEBUG	Calling bootstrap method startup on firefox@getpocket.com version 1.0.5
1542381971126	addons.xpi	DEBUG	Calling bootstrap method startup on formautofill@mozilla.org version 1.0
1542381971129	addons.xpi	DEBUG	Registering manifest for C:\Program Files\Mozilla Firefox\browser\features\onboarding@mozilla.org.xpi
1542381971131	addons.xpi	DEBUG	Calling bootstrap method startup on onboarding@mozilla.org version 1.0
1542381971133	addons.xpi	DEBUG	Registering manifest for C:\Program Files\Mozilla Firefox\browser\features\screenshots@mozilla.org.xpi
1542381971134	addons.xpi	DEBUG	Calling bootstrap method startup on screenshots@mozilla.org version 33.0.0
1542381971135	addons.xpi	DEBUG	Registering manifest for C:\Program Files\Mozilla Firefox\browser\features\webcompat-reporter@mozilla.org.xpi
1542381971136	addons.xpi	DEBUG	Calling bootstrap method startup on webcompat-reporter@mozilla.org version 1.0.0
1542381971137	addons.xpi	DEBUG	Registering manifest for C:\Program Files\Mozilla Firefox\browser\features\webcompat@mozilla.org.xpi
1542381971141	addons.xpi	DEBUG	Calling bootstrap method startup on webcompat@mozilla.org version 2.0.1
1542381971146	addons.manager	DEBUG	Registering shutdown blocker for XPIProvider
1542381971147	addons.manager	DEBUG	Provider finished startup: XPIProvider
1542381971147	addons.manager	DEBUG	Starting provider: LightweightThemeManager
1542381971147	addons.manager	DEBUG	Registering shutdown blocker for LightweightThemeManager
1542381971148	addons.manager	DEBUG	Provider finished startup: LightweightThemeManager
1542381971150	addons.manager	DEBUG	Starting provider: GMPProvider
1542381971155	addons.manager	DEBUG	Registering shutdown blocker for GMPProvider
1542381971156	addons.manager	DEBUG	Provider finished startup: GMPProvider
1542381971156	addons.manager	DEBUG	Starting provider: PluginProvider
1542381971156	addons.manager	DEBUG	Registering shutdown blocker for PluginProvider
1542381971157	addons.manager	DEBUG	Provider finished startup: PluginProvider
1542381971169	addons.manager	DEBUG	Completed startup sequence
1542381973410	addons.repository	DEBUG	No addons.json found.
1542381975618	addons.manager	DEBUG	Registering upgrade listener for formautofill@mozilla.org
1542381975910	addons.xpi	DEBUG	Ignoring file: name is not a valid add-on ID: C:\Users\kunal\AppData\Local\Temp\anonymous1165599964683059565webdriver-profile\extensions\webdriver-staging
1542381975912	addons.xpi	DEBUG	Existing add-on aushelper@mozilla.org in app-system-defaults
1542381975913	addons.xpi	DEBUG	Existing add-on firefox@getpocket.com in app-system-defaults
1542381975913	addons.xpi	DEBUG	Existing add-on formautofill@mozilla.org in app-system-defaults
1542381975914	addons.xpi	DEBUG	Existing add-on onboarding@mozilla.org in app-system-defaults
1542381975914	addons.xpi	DEBUG	Existing add-on screenshots@mozilla.org in app-system-defaults
1542381975915	addons.xpi	DEBUG	Existing add-on webcompat-reporter@mozilla.org in app-system-defaults
1542381975915	addons.xpi	DEBUG	Existing add-on webcompat@mozilla.org in app-system-defaults
1542381975917	addons.xpi	DEBUG	scanForChanges changed: false, state: {}
JavaScript error: resource://gre/modules/addons/XPIProvider.jsm, line 2600: TypeError: addon is null
1542381995687	addons.productaddons	INFO	sending request to: https://aus5.mozilla.org/update/3/GMP/63.0/20181018182531/WINNT_x86_64-msvc-x64/en-US/release/Windows_NT%2010.0.0.0.17134.345%20(x64)/default/default/update.xml
1542381997585	addons.productaddons	INFO	Completed downloading document
1542382000487	addons.productaddons	INFO	downloadXHR File download. status=200
1542382000492	addons.productaddons	INFO	Downloaded file will be saved to C:\Users\kunal\AppData\Local\Temp\tmpaddon

Build info: version: '2.53.1', revision: 'a36b8b1', time: '2016-06-30 17:37:03'
System info: host: 'LAPTOP-A006EMOC', ip: '192.168.1.152', os.name: 'Windows 10', os.arch: 'amd64', os.version: '10.0', java.version: '1.8.0_121'
Driver info: driver.version: FirefoxDriver
	at org.openqa.selenium.firefox.internal.NewProfileExtensionConnection.start(NewProfileExtensionConnection.java:124)
	at org.openqa.selenium.firefox.FirefoxDriver.startClient(FirefoxDriver.java:271)
	at org.openqa.selenium.remote.RemoteWebDriver.<init>(RemoteWebDriver.java:119)
	at org.openqa.selenium.firefox.FirefoxDriver.<init>(FirefoxDriver.java:218)
	at org.openqa.selenium.firefox.FirefoxDriver.<init>(FirefoxDriver.java:211)
	at org.openqa.selenium.firefox.FirefoxDriver.<init>(FirefoxDriver.java:207)
	at org.openqa.selenium.firefox.FirefoxDriver.<init>(FirefoxDriver.java:120)
	at TetstNg.BookAdda.beforeTest(BookAdda.java:30)
Caused by: org.openqa.selenium.firefox.NotConnectedException: Unable to connect to host 127.0.0.1 on port 7055 after 45000 ms. Firefox console output:
\Program Files\Mozilla Firefox\browser\features\aushelper@mozilla.org.xpi
1542381971102	addons.xpi	DEBUG	Calling bootstrap method startup on aushelper@mozilla.org version 2.0
1542381971105	addons.xpi	DEBUG	Registering manifest for C:\Program Files\Mozilla Firefox\browser\features\firefox@getpocket.com.xpi
1542381971107	addons.xpi	DEBUG	Calling bootstrap method startup on firefox@getpocket.com version 1.0.5
1542381971126	addons.xpi	DEBUG	Calling bootstrap method startup on formautofill@mozilla.org version 1.0
1542381971129	addons.xpi	DEBUG	Registering manifest for C:\Program Files\Mozilla Firefox\browser\features\onboarding@mozilla.org.xpi
1542381971131	addons.xpi	DEBUG	Calling bootstrap method startup on onboarding@mozilla.org version 1.0
1542381971133	addons.xpi	DEBUG	Registering manifest for C:\Program Files\Mozilla Firefox\browser\features\screenshots@mozilla.org.xpi
1542381971134	addons.xpi	DEBUG	Calling bootstrap method startup on screenshots@mozilla.org version 33.0.0
1542381971135	addons.xpi	DEBUG	Registering manifest for C:\Program Files\Mozilla Firefox\browser\features\webcompat-reporter@mozilla.org.xpi
1542381971136	addons.xpi	DEBUG	Calling bootstrap method startup on webcompat-reporter@mozilla.org version 1.0.0
1542381971137	addons.xpi	DEBUG	Registering manifest for C:\Program Files\Mozilla Firefox\browser\features\webcompat@mozilla.org.xpi
1542381971141	addons.xpi	DEBUG	Calling bootstrap method startup on webcompat@mozilla.org version 2.0.1
1542381971146	addons.manager	DEBUG	Registering shutdown blocker for XPIProvider
1542381971147	addons.manager	DEBUG	Provider finished startup: XPIProvider
1542381971147	addons.manager	DEBUG	Starting provider: LightweightThemeManager
1542381971147	addons.manager	DEBUG	Registering shutdown blocker for LightweightThemeManager
1542381971148	addons.manager	DEBUG	Provider finished startup: LightweightThemeManager
1542381971150	addons.manager	DEBUG	Starting provider: GMPProvider
1542381971155	addons.manager	DEBUG	Registering shutdown blocker for GMPProvider
1542381971156	addons.manager	DEBUG	Provider finished startup: GMPProvider
1542381971156	addons.manager	DEBUG	Starting provider: PluginProvider
1542381971156	addons.manager	DEBUG	Registering shutdown blocker for PluginProvider
1542381971157	addons.manager	DEBUG	Provider finished startup: PluginProvider
1542381971169	addons.manager	DEBUG	Completed startup sequence
1542381973410	addons.repository	DEBUG	No addons.json found.
1542381975618	addons.manager	DEBUG	Registering upgrade listener for formautofill@mozilla.org
1542381975910	addons.xpi	DEBUG	Ignoring file: name is not a valid add-on ID: C:\Users\kunal\AppData\Local\Temp\anonymous1165599964683059565webdriver-profile\extensions\webdriver-staging
1542381975912	addons.xpi	DEBUG	Existing add-on aushelper@mozilla.org in app-system-defaults
1542381975913	addons.xpi	DEBUG	Existing add-on firefox@getpocket.com in app-system-defaults
1542381975913	addons.xpi	DEBUG	Existing add-on formautofill@mozilla.org in app-system-defaults
1542381975914	addons.xpi	DEBUG	Existing add-on onboarding@mozilla.org in app-system-defaults
1542381975914	addons.xpi	DEBUG	Existing add-on screenshots@mozilla.org in app-system-defaults
1542381975915	addons.xpi	DEBUG	Existing add-on webcompat-reporter@mozilla.org in app-system-defaults
1542381975915	addons.xpi	DEBUG	Existing add-on webcompat@mozilla.org in app-system-defaults
1542381975917	addons.xpi	DEBUG	scanForChanges changed: false, state: {}
JavaScript error: resource://gre/modules/addons/XPIProvider.jsm, line 2600: TypeError: addon is null
1542381995687	addons.productaddons	INFO	sending request to: https://aus5.mozilla.org/update/3/GMP/63.0/20181018182531/WINNT_x86_64-msvc-x64/en-US/release/Windows_NT%2010.0.0.0.17134.345%20(x64)/default/default/update.xml
1542381997585	addons.productaddons	INFO	Completed downloading document
1542382000487	addons.productaddons	INFO	downloadXHR File download. status=200
1542382000492	addons.productaddons	INFO	Downloaded file will be saved to C:\Users\kunal\AppData\Local\Temp\tmpaddon

	at org.openqa.selenium.firefox.internal.NewProfileExtensionConnection.start(NewProfileExtensionConnection.java:112)
	... 30 more
... Removed 23 stack frames]]>
    </failure>
  </testcase> <!-- @BeforeTest beforeTest -->
  <testcase name="@BeforeTest beforeTest" time="0.0" classname="TetstNg.linkedin">
    <skipped/>
  </testcase> <!-- @BeforeTest beforeTest -->
  <testcase name="@AfterTest afterTest" time="0.0" classname="TetstNg.BookAdda">
    <skipped/>
  </testcase> <!-- @AfterTest afterTest -->
  <testcase name="@AfterTest afterTest" time="0.0" classname="TetstNg.linkedin">
    <skipped/>
  </testcase> <!-- @AfterTest afterTest -->
  <testcase name="f" time="0.005" classname="TetstNg.linkedin">
    <skipped/>
  </testcase> <!-- f -->
  <testcase name="f" time="0.01" classname="TetstNg.BookAdda">
    <skipped/>
  </testcase> <!-- f -->
</testsuite> <!-- Test -->
