<?xml version="1.0" encoding="UTF-8"?>
<testng-results skipped="0" failed="0" ignored="0" total="1" passed="1">
  <reporter-output>
  </reporter-output>
  <suite name="Default suite" duration-ms="30345" started-at="2017-02-16T10:02:45Z" finished-at="2017-02-16T10:03:15Z">
    <groups>
    </groups>
    <test name="Default test" duration-ms="30345" started-at="2017-02-16T10:02:45Z" finished-at="2017-02-16T10:03:15Z">
      <class name="TestNg.Q2">
        <test-method status="PASS" signature="beforeTest()[pri:0, instance:TestNg.Q2@396a51ab]" name="beforeTest" is-config="true" duration-ms="18263" started-at="2017-02-16T15:32:45Z" finished-at="2017-02-16T15:33:03Z">
          <reporter-output>
          </reporter-output>
        </test-method> <!-- beforeTest -->
        <test-method status="PASS" signature="f()[pri:0, instance:TestNg.Q2@396a51ab]" name="f" duration-ms="12009" started-at="2017-02-16T15:33:03Z" finished-at="2017-02-16T15:33:15Z">
          <reporter-output>
          </reporter-output>
        </test-method> <!-- f -->
        <test-method status="PASS" signature="afterTest()[pri:0, instance:TestNg.Q2@396a51ab]" name="afterTest" is-config="true" duration-ms="0" started-at="2017-02-16T15:33:15Z" finished-at="2017-02-16T15:33:15Z">
          <reporter-output>
          </reporter-output>
        </test-method> <!-- afterTest -->
      </class> <!-- TestNg.Q2 -->
    </test> <!-- Default test -->
  </suite> <!-- Default suite -->
</testng-results>
