<?xml version="1.0" encoding="UTF-8"?>
<testng-results skipped="2" failed="0" ignored="0" total="2" passed="0">
  <reporter-output>
  </reporter-output>
  <suite name="Suite" duration-ms="51380" started-at="2018-11-17T03:53:06Z" finished-at="2018-11-17T03:53:57Z">
    <groups>
    </groups>
    <test name="Test1" duration-ms="51380" started-at="2018-11-17T03:53:06Z" finished-at="2018-11-17T03:53:57Z">
      <class name="TetstNg.BookAdda">
        <test-method status="FAIL" signature="beforeTest()[pri:0, instance:TetstNg.BookAdda@4520ebad]" name="beforeTest" is-config="true" duration-ms="0" started-at="2018-11-17T09:23:06Z" finished-at="2018-11-17T09:23:06Z">
          <exception class="org.openqa.selenium.WebDriverException">
            <message>
              <![CDATA[Failed to connect to binary FirefoxBinary(C:\Program Files\Mozilla Firefox\firefox.exe) on port 7055; process output follows: 
426794045	addons.manager	DEBUG	Provider finished startup: XPIProvider
1542426794045	addons.manager	DEBUG	Starting provider: LightweightThemeManager
1542426794045	addons.manager	DEBUG	Registering shutdown blocker for LightweightThemeManager
1542426794046	addons.manager	DEBUG	Provider finished startup: LightweightThemeManager
1542426794048	addons.manager	DEBUG	Starting provider: GMPProvider
1542426794069	addons.manager	DEBUG	Registering shutdown blocker for GMPProvider
1542426794069	addons.manager	DEBUG	Provider finished startup: GMPProvider
1542426794069	addons.manager	DEBUG	Starting provider: PluginProvider
1542426794069	addons.manager	DEBUG	Registering shutdown blocker for PluginProvider
1542426794070	addons.manager	DEBUG	Provider finished startup: PluginProvider
1542426794087	addons.manager	DEBUG	Completed startup sequence
1542426797007	addons.repository	DEBUG	No addons.json found.
1542426799838	addons.manager	DEBUG	Registering upgrade listener for formautofill@mozilla.org
1542426800192	addons.xpi	DEBUG	Ignoring file: name is not a valid add-on ID: C:\Users\kunal\AppData\Local\Temp\anonymous192333105770893245webdriver-profile\extensions\webdriver-staging
1542426800193	addons.xpi	DEBUG	Existing add-on aushelper@mozilla.org in app-system-defaults
1542426800194	addons.xpi	DEBUG	Existing add-on firefox@getpocket.com in app-system-defaults
1542426800194	addons.xpi	DEBUG	Existing add-on formautofill@mozilla.org in app-system-defaults
1542426800195	addons.xpi	DEBUG	Existing add-on onboarding@mozilla.org in app-system-defaults
1542426800196	addons.xpi	DEBUG	Existing add-on screenshots@mozilla.org in app-system-defaults
1542426800196	addons.xpi	DEBUG	Existing add-on webcompat-reporter@mozilla.org in app-system-defaults
1542426800197	addons.xpi	DEBUG	Existing add-on webcompat@mozilla.org in app-system-defaults
1542426800198	addons.xpi	DEBUG	scanForChanges changed: false, state: {}
JavaScript error: resource://gre/modules/addons/XPIProvider.jsm, line 2600: TypeError: addon is null
1542426805609	addons.xpi	DEBUG	Calling bootstrap method shutdown on webcompat@mozilla.org version 2.0.1
1542426805614	addons.xpi	DEBUG	Calling bootstrap method shutdown on webcompat-reporter@mozilla.org version 1.0.0
1542426805616	addons.xpi	DEBUG	Calling bootstrap method shutdown on screenshots@mozilla.org version 33.0.0
1542426805633	addons.xpi	DEBUG	Calling bootstrap method shutdown on onboarding@mozilla.org version 1.0
1542426805634	addons.xpi	DEBUG	Calling bootstrap method shutdown on formautofill@mozilla.org version 1.0
1542426805660	addons.xpi	DEBUG	Calling bootstrap method shutdown on firefox@getpocket.com version 1.0.5
1542426805661	addons.xpi	DEBUG	Calling bootstrap method shutdown on aushelper@mozilla.org version 2.0
[Child 12752, Chrome_ChildThread] WARNING: pipe error: 109: file z:/build/build/src/ipc/chromium/src/chrome/common/ipc_channel_win.cc, line 346
[Child 12752, Chrome_ChildThread] WARNING: pipe error: 109: file z:/build/build/src/ipc/chromium/src/chrome/common/ipc_channel_win.cc, line 346
[Parent 9024, Gecko_IOThread] WARNING: pipe error: 109: file z:/build/build/src/ipc/chromium/src/chrome/common/ipc_channel_win.cc, line 346
[Child 2912, Chrome_ChildThread] WARNING: pipe error: 109: file z:/build/build/src/ipc/chromium/src/chrome/common/ipc_channel_win.cc, line 346
[Child 2912, Chrome_1542426805865	addons.manager	DEBUG	shutdown
1542426805868	addons.manager	DEBUG	Calling shutdown blocker for XPIProvider
1542426805869	addons.xpi	DEBUG	shutdown
1542426805870	addons.xpi-utils	DEBUG	shutdown
1542426805870	addons.manager	DEBUG	Calling shutdown blocker for LightweightThemeManager
1542426805871	addons.manager	DEBUG	Calling shutdown blocker for GMPProvider
1542426805872	addons.manager	DEBUG	Calling shutdown blocker for PluginProvider
1542426805884	addons.manager	DEBUG	Async provider shutdown done

###!!! [Child][RunMessage] Error: Channel closing: too late to send/recv, messages will be lost

[GPU 14856, Chro
###!!! [Child][MessageChannel::SendAndWait] Error: Channel error: cannot send/recv


Build info: version: '2.53.1', revision: 'a36b8b1', time: '2016-06-30 17:37:03'
System info: host: 'LAPTOP-A006EMOC', ip: '127.0.0.1', os.name: 'Windows 10', os.arch: 'amd64', os.version: '10.0', java.version: '1.8.0_121'
Driver info: driver.version: FirefoxDriver]]>
            </message>
            <full-stacktrace>
              <![CDATA[org.openqa.selenium.WebDriverException: Failed to connect to binary FirefoxBinary(C:\Program Files\Mozilla Firefox\firefox.exe) on port 7055; process output follows: 
426794045	addons.manager	DEBUG	Provider finished startup: XPIProvider
1542426794045	addons.manager	DEBUG	Starting provider: LightweightThemeManager
1542426794045	addons.manager	DEBUG	Registering shutdown blocker for LightweightThemeManager
1542426794046	addons.manager	DEBUG	Provider finished startup: LightweightThemeManager
1542426794048	addons.manager	DEBUG	Starting provider: GMPProvider
1542426794069	addons.manager	DEBUG	Registering shutdown blocker for GMPProvider
1542426794069	addons.manager	DEBUG	Provider finished startup: GMPProvider
1542426794069	addons.manager	DEBUG	Starting provider: PluginProvider
1542426794069	addons.manager	DEBUG	Registering shutdown blocker for PluginProvider
1542426794070	addons.manager	DEBUG	Provider finished startup: PluginProvider
1542426794087	addons.manager	DEBUG	Completed startup sequence
1542426797007	addons.repository	DEBUG	No addons.json found.
1542426799838	addons.manager	DEBUG	Registering upgrade listener for formautofill@mozilla.org
1542426800192	addons.xpi	DEBUG	Ignoring file: name is not a valid add-on ID: C:\Users\kunal\AppData\Local\Temp\anonymous192333105770893245webdriver-profile\extensions\webdriver-staging
1542426800193	addons.xpi	DEBUG	Existing add-on aushelper@mozilla.org in app-system-defaults
1542426800194	addons.xpi	DEBUG	Existing add-on firefox@getpocket.com in app-system-defaults
1542426800194	addons.xpi	DEBUG	Existing add-on formautofill@mozilla.org in app-system-defaults
1542426800195	addons.xpi	DEBUG	Existing add-on onboarding@mozilla.org in app-system-defaults
1542426800196	addons.xpi	DEBUG	Existing add-on screenshots@mozilla.org in app-system-defaults
1542426800196	addons.xpi	DEBUG	Existing add-on webcompat-reporter@mozilla.org in app-system-defaults
1542426800197	addons.xpi	DEBUG	Existing add-on webcompat@mozilla.org in app-system-defaults
1542426800198	addons.xpi	DEBUG	scanForChanges changed: false, state: {}
JavaScript error: resource://gre/modules/addons/XPIProvider.jsm, line 2600: TypeError: addon is null
1542426805609	addons.xpi	DEBUG	Calling bootstrap method shutdown on webcompat@mozilla.org version 2.0.1
1542426805614	addons.xpi	DEBUG	Calling bootstrap method shutdown on webcompat-reporter@mozilla.org version 1.0.0
1542426805616	addons.xpi	DEBUG	Calling bootstrap method shutdown on screenshots@mozilla.org version 33.0.0
1542426805633	addons.xpi	DEBUG	Calling bootstrap method shutdown on onboarding@mozilla.org version 1.0
1542426805634	addons.xpi	DEBUG	Calling bootstrap method shutdown on formautofill@mozilla.org version 1.0
1542426805660	addons.xpi	DEBUG	Calling bootstrap method shutdown on firefox@getpocket.com version 1.0.5
1542426805661	addons.xpi	DEBUG	Calling bootstrap method shutdown on aushelper@mozilla.org version 2.0
[Child 12752, Chrome_ChildThread] WARNING: pipe error: 109: file z:/build/build/src/ipc/chromium/src/chrome/common/ipc_channel_win.cc, line 346
[Child 12752, Chrome_ChildThread] WARNING: pipe error: 109: file z:/build/build/src/ipc/chromium/src/chrome/common/ipc_channel_win.cc, line 346
[Parent 9024, Gecko_IOThread] WARNING: pipe error: 109: file z:/build/build/src/ipc/chromium/src/chrome/common/ipc_channel_win.cc, line 346
[Child 2912, Chrome_ChildThread] WARNING: pipe error: 109: file z:/build/build/src/ipc/chromium/src/chrome/common/ipc_channel_win.cc, line 346
[Child 2912, Chrome_1542426805865	addons.manager	DEBUG	shutdown
1542426805868	addons.manager	DEBUG	Calling shutdown blocker for XPIProvider
1542426805869	addons.xpi	DEBUG	shutdown
1542426805870	addons.xpi-utils	DEBUG	shutdown
1542426805870	addons.manager	DEBUG	Calling shutdown blocker for LightweightThemeManager
1542426805871	addons.manager	DEBUG	Calling shutdown blocker for GMPProvider
1542426805872	addons.manager	DEBUG	Calling shutdown blocker for PluginProvider
1542426805884	addons.manager	DEBUG	Async provider shutdown done

###!!! [Child][RunMessage] Error: Channel closing: too late to send/recv, messages will be lost

[GPU 14856, Chro
###!!! [Child][MessageChannel::SendAndWait] Error: Channel error: cannot send/recv


Build info: version: '2.53.1', revision: 'a36b8b1', time: '2016-06-30 17:37:03'
System info: host: 'LAPTOP-A006EMOC', ip: '127.0.0.1', os.name: 'Windows 10', os.arch: 'amd64', os.version: '10.0', java.version: '1.8.0_121'
Driver info: driver.version: FirefoxDriver
	at org.openqa.selenium.firefox.internal.NewProfileExtensionConnection.start(NewProfileExtensionConnection.java:124)
	at org.openqa.selenium.firefox.FirefoxDriver.startClient(FirefoxDriver.java:271)
	at org.openqa.selenium.remote.RemoteWebDriver.<init>(RemoteWebDriver.java:119)
	at org.openqa.selenium.firefox.FirefoxDriver.<init>(FirefoxDriver.java:218)
	at org.openqa.selenium.firefox.FirefoxDriver.<init>(FirefoxDriver.java:211)
	at org.openqa.selenium.firefox.FirefoxDriver.<init>(FirefoxDriver.java:207)
	at org.openqa.selenium.firefox.FirefoxDriver.<init>(FirefoxDriver.java:120)
	at TetstNg.BookAdda.beforeTest(BookAdda.java:30)
	at sun.reflect.NativeMethodAccessorImpl.invoke0(Native Method)
	at sun.reflect.NativeMethodAccessorImpl.invoke(Unknown Source)
	at sun.reflect.DelegatingMethodAccessorImpl.invoke(Unknown Source)
	at java.lang.reflect.Method.invoke(Unknown Source)
	at org.testng.internal.MethodInvocationHelper.invokeMethod(MethodInvocationHelper.java:104)
	at org.testng.internal.Invoker.invokeConfigurationMethod(Invoker.java:515)
	at org.testng.internal.Invoker.invokeConfigurations(Invoker.java:217)
	at org.testng.internal.Invoker.invokeConfigurations(Invoker.java:144)
	at org.testng.TestRunner.beforeRun(TestRunner.java:634)
	at org.testng.TestRunner.run(TestRunner.java:602)
	at org.testng.SuiteRunner.runTest(SuiteRunner.java:387)
	at org.testng.SuiteRunner.runSequentially(SuiteRunner.java:382)
	at org.testng.SuiteRunner.privateRun(SuiteRunner.java:340)
	at org.testng.SuiteRunner.run(SuiteRunner.java:289)
	at org.testng.SuiteRunnerWorker.runSuite(SuiteRunnerWorker.java:52)
	at org.testng.SuiteRunnerWorker.run(SuiteRunnerWorker.java:86)
	at org.testng.TestNG.runSuitesSequentially(TestNG.java:1293)
	at org.testng.TestNG.runSuitesLocally(TestNG.java:1218)
	at org.testng.TestNG.runSuites(TestNG.java:1133)
	at org.testng.TestNG.run(TestNG.java:1104)
	at org.testng.remote.AbstractRemoteTestNG.run(AbstractRemoteTestNG.java:132)
	at org.testng.remote.RemoteTestNG.initAndRun(RemoteTestNG.java:236)
	at org.testng.remote.RemoteTestNG.main(RemoteTestNG.java:81)
Caused by: org.openqa.selenium.firefox.NotConnectedException: Unable to connect to host 127.0.0.1 on port 7055 after 45000 ms. Firefox console output:
426794045	addons.manager	DEBUG	Provider finished startup: XPIProvider
1542426794045	addons.manager	DEBUG	Starting provider: LightweightThemeManager
1542426794045	addons.manager	DEBUG	Registering shutdown blocker for LightweightThemeManager
1542426794046	addons.manager	DEBUG	Provider finished startup: LightweightThemeManager
1542426794048	addons.manager	DEBUG	Starting provider: GMPProvider
1542426794069	addons.manager	DEBUG	Registering shutdown blocker for GMPProvider
1542426794069	addons.manager	DEBUG	Provider finished startup: GMPProvider
1542426794069	addons.manager	DEBUG	Starting provider: PluginProvider
1542426794069	addons.manager	DEBUG	Registering shutdown blocker for PluginProvider
1542426794070	addons.manager	DEBUG	Provider finished startup: PluginProvider
1542426794087	addons.manager	DEBUG	Completed startup sequence
1542426797007	addons.repository	DEBUG	No addons.json found.
1542426799838	addons.manager	DEBUG	Registering upgrade listener for formautofill@mozilla.org
1542426800192	addons.xpi	DEBUG	Ignoring file: name is not a valid add-on ID: C:\Users\kunal\AppData\Local\Temp\anonymous192333105770893245webdriver-profile\extensions\webdriver-staging
1542426800193	addons.xpi	DEBUG	Existing add-on aushelper@mozilla.org in app-system-defaults
1542426800194	addons.xpi	DEBUG	Existing add-on firefox@getpocket.com in app-system-defaults
1542426800194	addons.xpi	DEBUG	Existing add-on formautofill@mozilla.org in app-system-defaults
1542426800195	addons.xpi	DEBUG	Existing add-on onboarding@mozilla.org in app-system-defaults
1542426800196	addons.xpi	DEBUG	Existing add-on screenshots@mozilla.org in app-system-defaults
1542426800196	addons.xpi	DEBUG	Existing add-on webcompat-reporter@mozilla.org in app-system-defaults
1542426800197	addons.xpi	DEBUG	Existing add-on webcompat@mozilla.org in app-system-defaults
1542426800198	addons.xpi	DEBUG	scanForChanges changed: false, state: {}
JavaScript error: resource://gre/modules/addons/XPIProvider.jsm, line 2600: TypeError: addon is null
1542426805609	addons.xpi	DEBUG	Calling bootstrap method shutdown on webcompat@mozilla.org version 2.0.1
1542426805614	addons.xpi	DEBUG	Calling bootstrap method shutdown on webcompat-reporter@mozilla.org version 1.0.0
1542426805616	addons.xpi	DEBUG	Calling bootstrap method shutdown on screenshots@mozilla.org version 33.0.0
1542426805633	addons.xpi	DEBUG	Calling bootstrap method shutdown on onboarding@mozilla.org version 1.0
1542426805634	addons.xpi	DEBUG	Calling bootstrap method shutdown on formautofill@mozilla.org version 1.0
1542426805660	addons.xpi	DEBUG	Calling bootstrap method shutdown on firefox@getpocket.com version 1.0.5
1542426805661	addons.xpi	DEBUG	Calling bootstrap method shutdown on aushelper@mozilla.org version 2.0
[Child 12752, Chrome_ChildThread] WARNING: pipe error: 109: file z:/build/build/src/ipc/chromium/src/chrome/common/ipc_channel_win.cc, line 346
[Child 12752, Chrome_ChildThread] WARNING: pipe error: 109: file z:/build/build/src/ipc/chromium/src/chrome/common/ipc_channel_win.cc, line 346
[Parent 9024, Gecko_IOThread] WARNING: pipe error: 109: file z:/build/build/src/ipc/chromium/src/chrome/common/ipc_channel_win.cc, line 346
[Child 2912, Chrome_ChildThread] WARNING: pipe error: 109: file z:/build/build/src/ipc/chromium/src/chrome/common/ipc_channel_win.cc, line 346
[Child 2912, Chrome_1542426805865	addons.manager	DEBUG	shutdown
1542426805868	addons.manager	DEBUG	Calling shutdown blocker for XPIProvider
1542426805869	addons.xpi	DEBUG	shutdown
1542426805870	addons.xpi-utils	DEBUG	shutdown
1542426805870	addons.manager	DEBUG	Calling shutdown blocker for LightweightThemeManager
1542426805871	addons.manager	DEBUG	Calling shutdown blocker for GMPProvider
1542426805872	addons.manager	DEBUG	Calling shutdown blocker for PluginProvider
1542426805884	addons.manager	DEBUG	Async provider shutdown done

###!!! [Child][RunMessage] Error: Channel closing: too late to send/recv, messages will be lost

[GPU 14856, Chro
###!!! [Child][MessageChannel::SendAndWait] Error: Channel error: cannot send/recv


	at org.openqa.selenium.firefox.internal.NewProfileExtensionConnection.start(NewProfileExtensionConnection.java:112)
	... 30 more
]]>
            </full-stacktrace>
          </exception> <!-- org.openqa.selenium.WebDriverException -->
          <reporter-output>
          </reporter-output>
        </test-method> <!-- beforeTest -->
        <test-method status="SKIP" signature="beforeTest()[pri:0, instance:TetstNg.linkedin@58651fd0]" name="beforeTest" is-config="true" duration-ms="0" started-at="2018-11-17T09:23:57Z" finished-at="2018-11-17T09:23:57Z">
          <reporter-output>
          </reporter-output>
        </test-method> <!-- beforeTest -->
        <test-method status="SKIP" signature="f()[pri:0, instance:TetstNg.BookAdda@4520ebad]" name="f" duration-ms="3" started-at="2018-11-17T09:23:57Z" finished-at="2018-11-17T09:23:57Z">
          <exception class="org.openqa.selenium.WebDriverException">
            <message>
              <![CDATA[Failed to connect to binary FirefoxBinary(C:\Program Files\Mozilla Firefox\firefox.exe) on port 7055; process output follows: 
426794045	addons.manager	DEBUG	Provider finished startup: XPIProvider
1542426794045	addons.manager	DEBUG	Starting provider: LightweightThemeManager
1542426794045	addons.manager	DEBUG	Registering shutdown blocker for LightweightThemeManager
1542426794046	addons.manager	DEBUG	Provider finished startup: LightweightThemeManager
1542426794048	addons.manager	DEBUG	Starting provider: GMPProvider
1542426794069	addons.manager	DEBUG	Registering shutdown blocker for GMPProvider
1542426794069	addons.manager	DEBUG	Provider finished startup: GMPProvider
1542426794069	addons.manager	DEBUG	Starting provider: PluginProvider
1542426794069	addons.manager	DEBUG	Registering shutdown blocker for PluginProvider
1542426794070	addons.manager	DEBUG	Provider finished startup: PluginProvider
1542426794087	addons.manager	DEBUG	Completed startup sequence
1542426797007	addons.repository	DEBUG	No addons.json found.
1542426799838	addons.manager	DEBUG	Registering upgrade listener for formautofill@mozilla.org
1542426800192	addons.xpi	DEBUG	Ignoring file: name is not a valid add-on ID: C:\Users\kunal\AppData\Local\Temp\anonymous192333105770893245webdriver-profile\extensions\webdriver-staging
1542426800193	addons.xpi	DEBUG	Existing add-on aushelper@mozilla.org in app-system-defaults
1542426800194	addons.xpi	DEBUG	Existing add-on firefox@getpocket.com in app-system-defaults
1542426800194	addons.xpi	DEBUG	Existing add-on formautofill@mozilla.org in app-system-defaults
1542426800195	addons.xpi	DEBUG	Existing add-on onboarding@mozilla.org in app-system-defaults
1542426800196	addons.xpi	DEBUG	Existing add-on screenshots@mozilla.org in app-system-defaults
1542426800196	addons.xpi	DEBUG	Existing add-on webcompat-reporter@mozilla.org in app-system-defaults
1542426800197	addons.xpi	DEBUG	Existing add-on webcompat@mozilla.org in app-system-defaults
1542426800198	addons.xpi	DEBUG	scanForChanges changed: false, state: {}
JavaScript error: resource://gre/modules/addons/XPIProvider.jsm, line 2600: TypeError: addon is null
1542426805609	addons.xpi	DEBUG	Calling bootstrap method shutdown on webcompat@mozilla.org version 2.0.1
1542426805614	addons.xpi	DEBUG	Calling bootstrap method shutdown on webcompat-reporter@mozilla.org version 1.0.0
1542426805616	addons.xpi	DEBUG	Calling bootstrap method shutdown on screenshots@mozilla.org version 33.0.0
1542426805633	addons.xpi	DEBUG	Calling bootstrap method shutdown on onboarding@mozilla.org version 1.0
1542426805634	addons.xpi	DEBUG	Calling bootstrap method shutdown on formautofill@mozilla.org version 1.0
1542426805660	addons.xpi	DEBUG	Calling bootstrap method shutdown on firefox@getpocket.com version 1.0.5
1542426805661	addons.xpi	DEBUG	Calling bootstrap method shutdown on aushelper@mozilla.org version 2.0
[Child 12752, Chrome_ChildThread] WARNING: pipe error: 109: file z:/build/build/src/ipc/chromium/src/chrome/common/ipc_channel_win.cc, line 346
[Child 12752, Chrome_ChildThread] WARNING: pipe error: 109: file z:/build/build/src/ipc/chromium/src/chrome/common/ipc_channel_win.cc, line 346
[Parent 9024, Gecko_IOThread] WARNING: pipe error: 109: file z:/build/build/src/ipc/chromium/src/chrome/common/ipc_channel_win.cc, line 346
[Child 2912, Chrome_ChildThread] WARNING: pipe error: 109: file z:/build/build/src/ipc/chromium/src/chrome/common/ipc_channel_win.cc, line 346
[Child 2912, Chrome_1542426805865	addons.manager	DEBUG	shutdown
1542426805868	addons.manager	DEBUG	Calling shutdown blocker for XPIProvider
1542426805869	addons.xpi	DEBUG	shutdown
1542426805870	addons.xpi-utils	DEBUG	shutdown
1542426805870	addons.manager	DEBUG	Calling shutdown blocker for LightweightThemeManager
1542426805871	addons.manager	DEBUG	Calling shutdown blocker for GMPProvider
1542426805872	addons.manager	DEBUG	Calling shutdown blocker for PluginProvider
1542426805884	addons.manager	DEBUG	Async provider shutdown done

###!!! [Child][RunMessage] Error: Channel closing: too late to send/recv, messages will be lost

[GPU 14856, Chro
###!!! [Child][MessageChannel::SendAndWait] Error: Channel error: cannot send/recv


Build info: version: '2.53.1', revision: 'a36b8b1', time: '2016-06-30 17:37:03'
System info: host: 'LAPTOP-A006EMOC', ip: '127.0.0.1', os.name: 'Windows 10', os.arch: 'amd64', os.version: '10.0', java.version: '1.8.0_121'
Driver info: driver.version: FirefoxDriver]]>
            </message>
            <full-stacktrace>
              <![CDATA[org.openqa.selenium.WebDriverException: Failed to connect to binary FirefoxBinary(C:\Program Files\Mozilla Firefox\firefox.exe) on port 7055; process output follows: 
426794045	addons.manager	DEBUG	Provider finished startup: XPIProvider
1542426794045	addons.manager	DEBUG	Starting provider: LightweightThemeManager
1542426794045	addons.manager	DEBUG	Registering shutdown blocker for LightweightThemeManager
1542426794046	addons.manager	DEBUG	Provider finished startup: LightweightThemeManager
1542426794048	addons.manager	DEBUG	Starting provider: GMPProvider
1542426794069	addons.manager	DEBUG	Registering shutdown blocker for GMPProvider
1542426794069	addons.manager	DEBUG	Provider finished startup: GMPProvider
1542426794069	addons.manager	DEBUG	Starting provider: PluginProvider
1542426794069	addons.manager	DEBUG	Registering shutdown blocker for PluginProvider
1542426794070	addons.manager	DEBUG	Provider finished startup: PluginProvider
1542426794087	addons.manager	DEBUG	Completed startup sequence
1542426797007	addons.repository	DEBUG	No addons.json found.
1542426799838	addons.manager	DEBUG	Registering upgrade listener for formautofill@mozilla.org
1542426800192	addons.xpi	DEBUG	Ignoring file: name is not a valid add-on ID: C:\Users\kunal\AppData\Local\Temp\anonymous192333105770893245webdriver-profile\extensions\webdriver-staging
1542426800193	addons.xpi	DEBUG	Existing add-on aushelper@mozilla.org in app-system-defaults
1542426800194	addons.xpi	DEBUG	Existing add-on firefox@getpocket.com in app-system-defaults
1542426800194	addons.xpi	DEBUG	Existing add-on formautofill@mozilla.org in app-system-defaults
1542426800195	addons.xpi	DEBUG	Existing add-on onboarding@mozilla.org in app-system-defaults
1542426800196	addons.xpi	DEBUG	Existing add-on screenshots@mozilla.org in app-system-defaults
1542426800196	addons.xpi	DEBUG	Existing add-on webcompat-reporter@mozilla.org in app-system-defaults
1542426800197	addons.xpi	DEBUG	Existing add-on webcompat@mozilla.org in app-system-defaults
1542426800198	addons.xpi	DEBUG	scanForChanges changed: false, state: {}
JavaScript error: resource://gre/modules/addons/XPIProvider.jsm, line 2600: TypeError: addon is null
1542426805609	addons.xpi	DEBUG	Calling bootstrap method shutdown on webcompat@mozilla.org version 2.0.1
1542426805614	addons.xpi	DEBUG	Calling bootstrap method shutdown on webcompat-reporter@mozilla.org version 1.0.0
1542426805616	addons.xpi	DEBUG	Calling bootstrap method shutdown on screenshots@mozilla.org version 33.0.0
1542426805633	addons.xpi	DEBUG	Calling bootstrap method shutdown on onboarding@mozilla.org version 1.0
1542426805634	addons.xpi	DEBUG	Calling bootstrap method shutdown on formautofill@mozilla.org version 1.0
1542426805660	addons.xpi	DEBUG	Calling bootstrap method shutdown on firefox@getpocket.com version 1.0.5
1542426805661	addons.xpi	DEBUG	Calling bootstrap method shutdown on aushelper@mozilla.org version 2.0
[Child 12752, Chrome_ChildThread] WARNING: pipe error: 109: file z:/build/build/src/ipc/chromium/src/chrome/common/ipc_channel_win.cc, line 346
[Child 12752, Chrome_ChildThread] WARNING: pipe error: 109: file z:/build/build/src/ipc/chromium/src/chrome/common/ipc_channel_win.cc, line 346
[Parent 9024, Gecko_IOThread] WARNING: pipe error: 109: file z:/build/build/src/ipc/chromium/src/chrome/common/ipc_channel_win.cc, line 346
[Child 2912, Chrome_ChildThread] WARNING: pipe error: 109: file z:/build/build/src/ipc/chromium/src/chrome/common/ipc_channel_win.cc, line 346
[Child 2912, Chrome_1542426805865	addons.manager	DEBUG	shutdown
1542426805868	addons.manager	DEBUG	Calling shutdown blocker for XPIProvider
1542426805869	addons.xpi	DEBUG	shutdown
1542426805870	addons.xpi-utils	DEBUG	shutdown
1542426805870	addons.manager	DEBUG	Calling shutdown blocker for LightweightThemeManager
1542426805871	addons.manager	DEBUG	Calling shutdown blocker for GMPProvider
1542426805872	addons.manager	DEBUG	Calling shutdown blocker for PluginProvider
1542426805884	addons.manager	DEBUG	Async provider shutdown done

###!!! [Child][RunMessage] Error: Channel closing: too late to send/recv, messages will be lost

[GPU 14856, Chro
###!!! [Child][MessageChannel::SendAndWait] Error: Channel error: cannot send/recv


Build info: version: '2.53.1', revision: 'a36b8b1', time: '2016-06-30 17:37:03'
System info: host: 'LAPTOP-A006EMOC', ip: '127.0.0.1', os.name: 'Windows 10', os.arch: 'amd64', os.version: '10.0', java.version: '1.8.0_121'
Driver info: driver.version: FirefoxDriver
	at org.openqa.selenium.firefox.internal.NewProfileExtensionConnection.start(NewProfileExtensionConnection.java:124)
	at org.openqa.selenium.firefox.FirefoxDriver.startClient(FirefoxDriver.java:271)
	at org.openqa.selenium.remote.RemoteWebDriver.<init>(RemoteWebDriver.java:119)
	at org.openqa.selenium.firefox.FirefoxDriver.<init>(FirefoxDriver.java:218)
	at org.openqa.selenium.firefox.FirefoxDriver.<init>(FirefoxDriver.java:211)
	at org.openqa.selenium.firefox.FirefoxDriver.<init>(FirefoxDriver.java:207)
	at org.openqa.selenium.firefox.FirefoxDriver.<init>(FirefoxDriver.java:120)
	at TetstNg.BookAdda.beforeTest(BookAdda.java:30)
	at sun.reflect.NativeMethodAccessorImpl.invoke0(Native Method)
	at sun.reflect.NativeMethodAccessorImpl.invoke(Unknown Source)
	at sun.reflect.DelegatingMethodAccessorImpl.invoke(Unknown Source)
	at java.lang.reflect.Method.invoke(Unknown Source)
	at org.testng.internal.MethodInvocationHelper.invokeMethod(MethodInvocationHelper.java:104)
	at org.testng.internal.Invoker.invokeConfigurationMethod(Invoker.java:515)
	at org.testng.internal.Invoker.invokeConfigurations(Invoker.java:217)
	at org.testng.internal.Invoker.invokeConfigurations(Invoker.java:144)
	at org.testng.TestRunner.beforeRun(TestRunner.java:634)
	at org.testng.TestRunner.run(TestRunner.java:602)
	at org.testng.SuiteRunner.runTest(SuiteRunner.java:387)
	at org.testng.SuiteRunner.runSequentially(SuiteRunner.java:382)
	at org.testng.SuiteRunner.privateRun(SuiteRunner.java:340)
	at org.testng.SuiteRunner.run(SuiteRunner.java:289)
	at org.testng.SuiteRunnerWorker.runSuite(SuiteRunnerWorker.java:52)
	at org.testng.SuiteRunnerWorker.run(SuiteRunnerWorker.java:86)
	at org.testng.TestNG.runSuitesSequentially(TestNG.java:1293)
	at org.testng.TestNG.runSuitesLocally(TestNG.java:1218)
	at org.testng.TestNG.runSuites(TestNG.java:1133)
	at org.testng.TestNG.run(TestNG.java:1104)
	at org.testng.remote.AbstractRemoteTestNG.run(AbstractRemoteTestNG.java:132)
	at org.testng.remote.RemoteTestNG.initAndRun(RemoteTestNG.java:236)
	at org.testng.remote.RemoteTestNG.main(RemoteTestNG.java:81)
Caused by: org.openqa.selenium.firefox.NotConnectedException: Unable to connect to host 127.0.0.1 on port 7055 after 45000 ms. Firefox console output:
426794045	addons.manager	DEBUG	Provider finished startup: XPIProvider
1542426794045	addons.manager	DEBUG	Starting provider: LightweightThemeManager
1542426794045	addons.manager	DEBUG	Registering shutdown blocker for LightweightThemeManager
1542426794046	addons.manager	DEBUG	Provider finished startup: LightweightThemeManager
1542426794048	addons.manager	DEBUG	Starting provider: GMPProvider
1542426794069	addons.manager	DEBUG	Registering shutdown blocker for GMPProvider
1542426794069	addons.manager	DEBUG	Provider finished startup: GMPProvider
1542426794069	addons.manager	DEBUG	Starting provider: PluginProvider
1542426794069	addons.manager	DEBUG	Registering shutdown blocker for PluginProvider
1542426794070	addons.manager	DEBUG	Provider finished startup: PluginProvider
1542426794087	addons.manager	DEBUG	Completed startup sequence
1542426797007	addons.repository	DEBUG	No addons.json found.
1542426799838	addons.manager	DEBUG	Registering upgrade listener for formautofill@mozilla.org
1542426800192	addons.xpi	DEBUG	Ignoring file: name is not a valid add-on ID: C:\Users\kunal\AppData\Local\Temp\anonymous192333105770893245webdriver-profile\extensions\webdriver-staging
1542426800193	addons.xpi	DEBUG	Existing add-on aushelper@mozilla.org in app-system-defaults
1542426800194	addons.xpi	DEBUG	Existing add-on firefox@getpocket.com in app-system-defaults
1542426800194	addons.xpi	DEBUG	Existing add-on formautofill@mozilla.org in app-system-defaults
1542426800195	addons.xpi	DEBUG	Existing add-on onboarding@mozilla.org in app-system-defaults
1542426800196	addons.xpi	DEBUG	Existing add-on screenshots@mozilla.org in app-system-defaults
1542426800196	addons.xpi	DEBUG	Existing add-on webcompat-reporter@mozilla.org in app-system-defaults
1542426800197	addons.xpi	DEBUG	Existing add-on webcompat@mozilla.org in app-system-defaults
1542426800198	addons.xpi	DEBUG	scanForChanges changed: false, state: {}
JavaScript error: resource://gre/modules/addons/XPIProvider.jsm, line 2600: TypeError: addon is null
1542426805609	addons.xpi	DEBUG	Calling bootstrap method shutdown on webcompat@mozilla.org version 2.0.1
1542426805614	addons.xpi	DEBUG	Calling bootstrap method shutdown on webcompat-reporter@mozilla.org version 1.0.0
1542426805616	addons.xpi	DEBUG	Calling bootstrap method shutdown on screenshots@mozilla.org version 33.0.0
1542426805633	addons.xpi	DEBUG	Calling bootstrap method shutdown on onboarding@mozilla.org version 1.0
1542426805634	addons.xpi	DEBUG	Calling bootstrap method shutdown on formautofill@mozilla.org version 1.0
1542426805660	addons.xpi	DEBUG	Calling bootstrap method shutdown on firefox@getpocket.com version 1.0.5
1542426805661	addons.xpi	DEBUG	Calling bootstrap method shutdown on aushelper@mozilla.org version 2.0
[Child 12752, Chrome_ChildThread] WARNING: pipe error: 109: file z:/build/build/src/ipc/chromium/src/chrome/common/ipc_channel_win.cc, line 346
[Child 12752, Chrome_ChildThread] WARNING: pipe error: 109: file z:/build/build/src/ipc/chromium/src/chrome/common/ipc_channel_win.cc, line 346
[Parent 9024, Gecko_IOThread] WARNING: pipe error: 109: file z:/build/build/src/ipc/chromium/src/chrome/common/ipc_channel_win.cc, line 346
[Child 2912, Chrome_ChildThread] WARNING: pipe error: 109: file z:/build/build/src/ipc/chromium/src/chrome/common/ipc_channel_win.cc, line 346
[Child 2912, Chrome_1542426805865	addons.manager	DEBUG	shutdown
1542426805868	addons.manager	DEBUG	Calling shutdown blocker for XPIProvider
1542426805869	addons.xpi	DEBUG	shutdown
1542426805870	addons.xpi-utils	DEBUG	shutdown
1542426805870	addons.manager	DEBUG	Calling shutdown blocker for LightweightThemeManager
1542426805871	addons.manager	DEBUG	Calling shutdown blocker for GMPProvider
1542426805872	addons.manager	DEBUG	Calling shutdown blocker for PluginProvider
1542426805884	addons.manager	DEBUG	Async provider shutdown done

###!!! [Child][RunMessage] Error: Channel closing: too late to send/recv, messages will be lost

[GPU 14856, Chro
###!!! [Child][MessageChannel::SendAndWait] Error: Channel error: cannot send/recv


	at org.openqa.selenium.firefox.internal.NewProfileExtensionConnection.start(NewProfileExtensionConnection.java:112)
	... 30 more
]]>
            </full-stacktrace>
          </exception> <!-- org.openqa.selenium.WebDriverException -->
          <reporter-output>
          </reporter-output>
        </test-method> <!-- f -->
        <test-method status="SKIP" signature="afterTest()[pri:0, instance:TetstNg.BookAdda@4520ebad]" name="afterTest" is-config="true" duration-ms="0" started-at="2018-11-17T09:23:57Z" finished-at="2018-11-17T09:23:57Z">
          <reporter-output>
          </reporter-output>
        </test-method> <!-- afterTest -->
        <test-method status="SKIP" signature="afterTest()[pri:0, instance:TetstNg.linkedin@58651fd0]" name="afterTest" is-config="true" duration-ms="0" started-at="2018-11-17T09:23:57Z" finished-at="2018-11-17T09:23:57Z">
          <reporter-output>
          </reporter-output>
        </test-method> <!-- afterTest -->
      </class> <!-- TetstNg.BookAdda -->
      <class name="TetstNg.linkedin">
        <test-method status="SKIP" signature="f()[pri:0, instance:TetstNg.linkedin@58651fd0]" name="f" duration-ms="3" started-at="2018-11-17T09:23:57Z" finished-at="2018-11-17T09:23:57Z">
          <exception class="org.openqa.selenium.WebDriverException">
            <message>
              <![CDATA[Failed to connect to binary FirefoxBinary(C:\Program Files\Mozilla Firefox\firefox.exe) on port 7055; process output follows: 
426794045	addons.manager	DEBUG	Provider finished startup: XPIProvider
1542426794045	addons.manager	DEBUG	Starting provider: LightweightThemeManager
1542426794045	addons.manager	DEBUG	Registering shutdown blocker for LightweightThemeManager
1542426794046	addons.manager	DEBUG	Provider finished startup: LightweightThemeManager
1542426794048	addons.manager	DEBUG	Starting provider: GMPProvider
1542426794069	addons.manager	DEBUG	Registering shutdown blocker for GMPProvider
1542426794069	addons.manager	DEBUG	Provider finished startup: GMPProvider
1542426794069	addons.manager	DEBUG	Starting provider: PluginProvider
1542426794069	addons.manager	DEBUG	Registering shutdown blocker for PluginProvider
1542426794070	addons.manager	DEBUG	Provider finished startup: PluginProvider
1542426794087	addons.manager	DEBUG	Completed startup sequence
1542426797007	addons.repository	DEBUG	No addons.json found.
1542426799838	addons.manager	DEBUG	Registering upgrade listener for formautofill@mozilla.org
1542426800192	addons.xpi	DEBUG	Ignoring file: name is not a valid add-on ID: C:\Users\kunal\AppData\Local\Temp\anonymous192333105770893245webdriver-profile\extensions\webdriver-staging
1542426800193	addons.xpi	DEBUG	Existing add-on aushelper@mozilla.org in app-system-defaults
1542426800194	addons.xpi	DEBUG	Existing add-on firefox@getpocket.com in app-system-defaults
1542426800194	addons.xpi	DEBUG	Existing add-on formautofill@mozilla.org in app-system-defaults
1542426800195	addons.xpi	DEBUG	Existing add-on onboarding@mozilla.org in app-system-defaults
1542426800196	addons.xpi	DEBUG	Existing add-on screenshots@mozilla.org in app-system-defaults
1542426800196	addons.xpi	DEBUG	Existing add-on webcompat-reporter@mozilla.org in app-system-defaults
1542426800197	addons.xpi	DEBUG	Existing add-on webcompat@mozilla.org in app-system-defaults
1542426800198	addons.xpi	DEBUG	scanForChanges changed: false, state: {}
JavaScript error: resource://gre/modules/addons/XPIProvider.jsm, line 2600: TypeError: addon is null
1542426805609	addons.xpi	DEBUG	Calling bootstrap method shutdown on webcompat@mozilla.org version 2.0.1
1542426805614	addons.xpi	DEBUG	Calling bootstrap method shutdown on webcompat-reporter@mozilla.org version 1.0.0
1542426805616	addons.xpi	DEBUG	Calling bootstrap method shutdown on screenshots@mozilla.org version 33.0.0
1542426805633	addons.xpi	DEBUG	Calling bootstrap method shutdown on onboarding@mozilla.org version 1.0
1542426805634	addons.xpi	DEBUG	Calling bootstrap method shutdown on formautofill@mozilla.org version 1.0
1542426805660	addons.xpi	DEBUG	Calling bootstrap method shutdown on firefox@getpocket.com version 1.0.5
1542426805661	addons.xpi	DEBUG	Calling bootstrap method shutdown on aushelper@mozilla.org version 2.0
[Child 12752, Chrome_ChildThread] WARNING: pipe error: 109: file z:/build/build/src/ipc/chromium/src/chrome/common/ipc_channel_win.cc, line 346
[Child 12752, Chrome_ChildThread] WARNING: pipe error: 109: file z:/build/build/src/ipc/chromium/src/chrome/common/ipc_channel_win.cc, line 346
[Parent 9024, Gecko_IOThread] WARNING: pipe error: 109: file z:/build/build/src/ipc/chromium/src/chrome/common/ipc_channel_win.cc, line 346
[Child 2912, Chrome_ChildThread] WARNING: pipe error: 109: file z:/build/build/src/ipc/chromium/src/chrome/common/ipc_channel_win.cc, line 346
[Child 2912, Chrome_1542426805865	addons.manager	DEBUG	shutdown
1542426805868	addons.manager	DEBUG	Calling shutdown blocker for XPIProvider
1542426805869	addons.xpi	DEBUG	shutdown
1542426805870	addons.xpi-utils	DEBUG	shutdown
1542426805870	addons.manager	DEBUG	Calling shutdown blocker for LightweightThemeManager
1542426805871	addons.manager	DEBUG	Calling shutdown blocker for GMPProvider
1542426805872	addons.manager	DEBUG	Calling shutdown blocker for PluginProvider
1542426805884	addons.manager	DEBUG	Async provider shutdown done

###!!! [Child][RunMessage] Error: Channel closing: too late to send/recv, messages will be lost

[GPU 14856, Chro
###!!! [Child][MessageChannel::SendAndWait] Error: Channel error: cannot send/recv


Build info: version: '2.53.1', revision: 'a36b8b1', time: '2016-06-30 17:37:03'
System info: host: 'LAPTOP-A006EMOC', ip: '127.0.0.1', os.name: 'Windows 10', os.arch: 'amd64', os.version: '10.0', java.version: '1.8.0_121'
Driver info: driver.version: FirefoxDriver]]>
            </message>
            <full-stacktrace>
              <![CDATA[org.openqa.selenium.WebDriverException: Failed to connect to binary FirefoxBinary(C:\Program Files\Mozilla Firefox\firefox.exe) on port 7055; process output follows: 
426794045	addons.manager	DEBUG	Provider finished startup: XPIProvider
1542426794045	addons.manager	DEBUG	Starting provider: LightweightThemeManager
1542426794045	addons.manager	DEBUG	Registering shutdown blocker for LightweightThemeManager
1542426794046	addons.manager	DEBUG	Provider finished startup: LightweightThemeManager
1542426794048	addons.manager	DEBUG	Starting provider: GMPProvider
1542426794069	addons.manager	DEBUG	Registering shutdown blocker for GMPProvider
1542426794069	addons.manager	DEBUG	Provider finished startup: GMPProvider
1542426794069	addons.manager	DEBUG	Starting provider: PluginProvider
1542426794069	addons.manager	DEBUG	Registering shutdown blocker for PluginProvider
1542426794070	addons.manager	DEBUG	Provider finished startup: PluginProvider
1542426794087	addons.manager	DEBUG	Completed startup sequence
1542426797007	addons.repository	DEBUG	No addons.json found.
1542426799838	addons.manager	DEBUG	Registering upgrade listener for formautofill@mozilla.org
1542426800192	addons.xpi	DEBUG	Ignoring file: name is not a valid add-on ID: C:\Users\kunal\AppData\Local\Temp\anonymous192333105770893245webdriver-profile\extensions\webdriver-staging
1542426800193	addons.xpi	DEBUG	Existing add-on aushelper@mozilla.org in app-system-defaults
1542426800194	addons.xpi	DEBUG	Existing add-on firefox@getpocket.com in app-system-defaults
1542426800194	addons.xpi	DEBUG	Existing add-on formautofill@mozilla.org in app-system-defaults
1542426800195	addons.xpi	DEBUG	Existing add-on onboarding@mozilla.org in app-system-defaults
1542426800196	addons.xpi	DEBUG	Existing add-on screenshots@mozilla.org in app-system-defaults
1542426800196	addons.xpi	DEBUG	Existing add-on webcompat-reporter@mozilla.org in app-system-defaults
1542426800197	addons.xpi	DEBUG	Existing add-on webcompat@mozilla.org in app-system-defaults
1542426800198	addons.xpi	DEBUG	scanForChanges changed: false, state: {}
JavaScript error: resource://gre/modules/addons/XPIProvider.jsm, line 2600: TypeError: addon is null
1542426805609	addons.xpi	DEBUG	Calling bootstrap method shutdown on webcompat@mozilla.org version 2.0.1
1542426805614	addons.xpi	DEBUG	Calling bootstrap method shutdown on webcompat-reporter@mozilla.org version 1.0.0
1542426805616	addons.xpi	DEBUG	Calling bootstrap method shutdown on screenshots@mozilla.org version 33.0.0
1542426805633	addons.xpi	DEBUG	Calling bootstrap method shutdown on onboarding@mozilla.org version 1.0
1542426805634	addons.xpi	DEBUG	Calling bootstrap method shutdown on formautofill@mozilla.org version 1.0
1542426805660	addons.xpi	DEBUG	Calling bootstrap method shutdown on firefox@getpocket.com version 1.0.5
1542426805661	addons.xpi	DEBUG	Calling bootstrap method shutdown on aushelper@mozilla.org version 2.0
[Child 12752, Chrome_ChildThread] WARNING: pipe error: 109: file z:/build/build/src/ipc/chromium/src/chrome/common/ipc_channel_win.cc, line 346
[Child 12752, Chrome_ChildThread] WARNING: pipe error: 109: file z:/build/build/src/ipc/chromium/src/chrome/common/ipc_channel_win.cc, line 346
[Parent 9024, Gecko_IOThread] WARNING: pipe error: 109: file z:/build/build/src/ipc/chromium/src/chrome/common/ipc_channel_win.cc, line 346
[Child 2912, Chrome_ChildThread] WARNING: pipe error: 109: file z:/build/build/src/ipc/chromium/src/chrome/common/ipc_channel_win.cc, line 346
[Child 2912, Chrome_1542426805865	addons.manager	DEBUG	shutdown
1542426805868	addons.manager	DEBUG	Calling shutdown blocker for XPIProvider
1542426805869	addons.xpi	DEBUG	shutdown
1542426805870	addons.xpi-utils	DEBUG	shutdown
1542426805870	addons.manager	DEBUG	Calling shutdown blocker for LightweightThemeManager
1542426805871	addons.manager	DEBUG	Calling shutdown blocker for GMPProvider
1542426805872	addons.manager	DEBUG	Calling shutdown blocker for PluginProvider
1542426805884	addons.manager	DEBUG	Async provider shutdown done

###!!! [Child][RunMessage] Error: Channel closing: too late to send/recv, messages will be lost

[GPU 14856, Chro
###!!! [Child][MessageChannel::SendAndWait] Error: Channel error: cannot send/recv


Build info: version: '2.53.1', revision: 'a36b8b1', time: '2016-06-30 17:37:03'
System info: host: 'LAPTOP-A006EMOC', ip: '127.0.0.1', os.name: 'Windows 10', os.arch: 'amd64', os.version: '10.0', java.version: '1.8.0_121'
Driver info: driver.version: FirefoxDriver
	at org.openqa.selenium.firefox.internal.NewProfileExtensionConnection.start(NewProfileExtensionConnection.java:124)
	at org.openqa.selenium.firefox.FirefoxDriver.startClient(FirefoxDriver.java:271)
	at org.openqa.selenium.remote.RemoteWebDriver.<init>(RemoteWebDriver.java:119)
	at org.openqa.selenium.firefox.FirefoxDriver.<init>(FirefoxDriver.java:218)
	at org.openqa.selenium.firefox.FirefoxDriver.<init>(FirefoxDriver.java:211)
	at org.openqa.selenium.firefox.FirefoxDriver.<init>(FirefoxDriver.java:207)
	at org.openqa.selenium.firefox.FirefoxDriver.<init>(FirefoxDriver.java:120)
	at TetstNg.BookAdda.beforeTest(BookAdda.java:30)
	at sun.reflect.NativeMethodAccessorImpl.invoke0(Native Method)
	at sun.reflect.NativeMethodAccessorImpl.invoke(Unknown Source)
	at sun.reflect.DelegatingMethodAccessorImpl.invoke(Unknown Source)
	at java.lang.reflect.Method.invoke(Unknown Source)
	at org.testng.internal.MethodInvocationHelper.invokeMethod(MethodInvocationHelper.java:104)
	at org.testng.internal.Invoker.invokeConfigurationMethod(Invoker.java:515)
	at org.testng.internal.Invoker.invokeConfigurations(Invoker.java:217)
	at org.testng.internal.Invoker.invokeConfigurations(Invoker.java:144)
	at org.testng.TestRunner.beforeRun(TestRunner.java:634)
	at org.testng.TestRunner.run(TestRunner.java:602)
	at org.testng.SuiteRunner.runTest(SuiteRunner.java:387)
	at org.testng.SuiteRunner.runSequentially(SuiteRunner.java:382)
	at org.testng.SuiteRunner.privateRun(SuiteRunner.java:340)
	at org.testng.SuiteRunner.run(SuiteRunner.java:289)
	at org.testng.SuiteRunnerWorker.runSuite(SuiteRunnerWorker.java:52)
	at org.testng.SuiteRunnerWorker.run(SuiteRunnerWorker.java:86)
	at org.testng.TestNG.runSuitesSequentially(TestNG.java:1293)
	at org.testng.TestNG.runSuitesLocally(TestNG.java:1218)
	at org.testng.TestNG.runSuites(TestNG.java:1133)
	at org.testng.TestNG.run(TestNG.java:1104)
	at org.testng.remote.AbstractRemoteTestNG.run(AbstractRemoteTestNG.java:132)
	at org.testng.remote.RemoteTestNG.initAndRun(RemoteTestNG.java:236)
	at org.testng.remote.RemoteTestNG.main(RemoteTestNG.java:81)
Caused by: org.openqa.selenium.firefox.NotConnectedException: Unable to connect to host 127.0.0.1 on port 7055 after 45000 ms. Firefox console output:
426794045	addons.manager	DEBUG	Provider finished startup: XPIProvider
1542426794045	addons.manager	DEBUG	Starting provider: LightweightThemeManager
1542426794045	addons.manager	DEBUG	Registering shutdown blocker for LightweightThemeManager
1542426794046	addons.manager	DEBUG	Provider finished startup: LightweightThemeManager
1542426794048	addons.manager	DEBUG	Starting provider: GMPProvider
1542426794069	addons.manager	DEBUG	Registering shutdown blocker for GMPProvider
1542426794069	addons.manager	DEBUG	Provider finished startup: GMPProvider
1542426794069	addons.manager	DEBUG	Starting provider: PluginProvider
1542426794069	addons.manager	DEBUG	Registering shutdown blocker for PluginProvider
1542426794070	addons.manager	DEBUG	Provider finished startup: PluginProvider
1542426794087	addons.manager	DEBUG	Completed startup sequence
1542426797007	addons.repository	DEBUG	No addons.json found.
1542426799838	addons.manager	DEBUG	Registering upgrade listener for formautofill@mozilla.org
1542426800192	addons.xpi	DEBUG	Ignoring file: name is not a valid add-on ID: C:\Users\kunal\AppData\Local\Temp\anonymous192333105770893245webdriver-profile\extensions\webdriver-staging
1542426800193	addons.xpi	DEBUG	Existing add-on aushelper@mozilla.org in app-system-defaults
1542426800194	addons.xpi	DEBUG	Existing add-on firefox@getpocket.com in app-system-defaults
1542426800194	addons.xpi	DEBUG	Existing add-on formautofill@mozilla.org in app-system-defaults
1542426800195	addons.xpi	DEBUG	Existing add-on onboarding@mozilla.org in app-system-defaults
1542426800196	addons.xpi	DEBUG	Existing add-on screenshots@mozilla.org in app-system-defaults
1542426800196	addons.xpi	DEBUG	Existing add-on webcompat-reporter@mozilla.org in app-system-defaults
1542426800197	addons.xpi	DEBUG	Existing add-on webcompat@mozilla.org in app-system-defaults
1542426800198	addons.xpi	DEBUG	scanForChanges changed: false, state: {}
JavaScript error: resource://gre/modules/addons/XPIProvider.jsm, line 2600: TypeError: addon is null
1542426805609	addons.xpi	DEBUG	Calling bootstrap method shutdown on webcompat@mozilla.org version 2.0.1
1542426805614	addons.xpi	DEBUG	Calling bootstrap method shutdown on webcompat-reporter@mozilla.org version 1.0.0
1542426805616	addons.xpi	DEBUG	Calling bootstrap method shutdown on screenshots@mozilla.org version 33.0.0
1542426805633	addons.xpi	DEBUG	Calling bootstrap method shutdown on onboarding@mozilla.org version 1.0
1542426805634	addons.xpi	DEBUG	Calling bootstrap method shutdown on formautofill@mozilla.org version 1.0
1542426805660	addons.xpi	DEBUG	Calling bootstrap method shutdown on firefox@getpocket.com version 1.0.5
1542426805661	addons.xpi	DEBUG	Calling bootstrap method shutdown on aushelper@mozilla.org version 2.0
[Child 12752, Chrome_ChildThread] WARNING: pipe error: 109: file z:/build/build/src/ipc/chromium/src/chrome/common/ipc_channel_win.cc, line 346
[Child 12752, Chrome_ChildThread] WARNING: pipe error: 109: file z:/build/build/src/ipc/chromium/src/chrome/common/ipc_channel_win.cc, line 346
[Parent 9024, Gecko_IOThread] WARNING: pipe error: 109: file z:/build/build/src/ipc/chromium/src/chrome/common/ipc_channel_win.cc, line 346
[Child 2912, Chrome_ChildThread] WARNING: pipe error: 109: file z:/build/build/src/ipc/chromium/src/chrome/common/ipc_channel_win.cc, line 346
[Child 2912, Chrome_1542426805865	addons.manager	DEBUG	shutdown
1542426805868	addons.manager	DEBUG	Calling shutdown blocker for XPIProvider
1542426805869	addons.xpi	DEBUG	shutdown
1542426805870	addons.xpi-utils	DEBUG	shutdown
1542426805870	addons.manager	DEBUG	Calling shutdown blocker for LightweightThemeManager
1542426805871	addons.manager	DEBUG	Calling shutdown blocker for GMPProvider
1542426805872	addons.manager	DEBUG	Calling shutdown blocker for PluginProvider
1542426805884	addons.manager	DEBUG	Async provider shutdown done

###!!! [Child][RunMessage] Error: Channel closing: too late to send/recv, messages will be lost

[GPU 14856, Chro
###!!! [Child][MessageChannel::SendAndWait] Error: Channel error: cannot send/recv


	at org.openqa.selenium.firefox.internal.NewProfileExtensionConnection.start(NewProfileExtensionConnection.java:112)
	... 30 more
]]>
            </full-stacktrace>
          </exception> <!-- org.openqa.selenium.WebDriverException -->
          <reporter-output>
          </reporter-output>
        </test-method> <!-- f -->
      </class> <!-- TetstNg.linkedin -->
    </test> <!-- Test1 -->
  </suite> <!-- Suite -->
</testng-results>
