<?xml version="1.0" encoding="UTF-8"?>
<!-- Generated by org.testng.reporters.JUnitXMLReporter -->
<testsuite hostname="LAPTOP-A006EMOC" ignored="3" name="Test" tests="7" failures="0" timestamp="21 Mar 2019 18:02:04 GMT" time="0.125" errors="0">
  <testcase name="f" time="0.025" classname="BasicCodes.GroupTest"/>
  <testcase name="f2" time="0.006" classname="BasicCodes.GroupTest"/>
  <testcase name="f4" time="0.003" classname="BasicCodes.GroupTest"/>
  <testcase name="f" time="0.004" classname="BasicCodes.GroupTest1"/>
  <testcase name="f2" time="0.002" classname="BasicCodes.GroupTest1"/>
  <testcase name="f3" time="0.008" classname="BasicCodes.GroupTest1"/>
  <testcase name="f4" time="0.005" classname="BasicCodes.GroupTest1"/>
  <testcase name="f1" time="0.0" classname="BasicCodes.GroupTest1">
    <ignored/>
  </testcase> <!-- f1 -->
  <testcase name="f3" time="0.0" classname="BasicCodes.GroupTest">
    <ignored/>
  </testcase> <!-- f3 -->
  <testcase name="f1" time="0.0" classname="BasicCodes.GroupTest">
    <ignored/>
  </testcase> <!-- f1 -->
</testsuite> <!-- Test -->
